Saving logs data to experiments/uno_dmc_grid_4_22_5CPU/ul25/logs.csv
Saving logs' fields to experiments/uno_dmc_grid_4_22_5CPU/ul25/fields.csv
Updated log fields: ['_tick', '_time', 'frames', 'mean_episode_return_0', 'loss_0', 'mean_episode_return_1', 'loss_1']
Creating log directory: experiments/uno_dmc_grid_4_22_5CPU/ul50
Saving arguments to experiments/uno_dmc_grid_4_22_5CPU/ul50/meta.json
Saving messages to experiments/uno_dmc_grid_4_22_5CPU/ul50/out.log
Saving logs data to experiments/uno_dmc_grid_4_22_5CPU/ul50/logs.csv
Saving logs' fields to experiments/uno_dmc_grid_4_22_5CPU/ul50/fields.csv
Updated log fields: ['_tick', '_time', 'frames', 'mean_episode_return_0', 'loss_0', 'mean_episode_return_1', 'loss_1']
Creating log directory: experiments/uno_dmc_grid_4_22_5CPU/ul75
Saving arguments to experiments/uno_dmc_grid_4_22_5CPU/ul75/meta.json
Saving messages to experiments/uno_dmc_grid_4_22_5CPU/ul75/out.log
Saving logs data to experiments/uno_dmc_grid_4_22_5CPU/ul75/logs.csv
Saving logs' fields to experiments/uno_dmc_grid_4_22_5CPU/ul75/fields.csv
Updated log fields: ['_tick', '_time', 'frames', 'mean_episode_return_0', 'loss_0', 'mean_episode_return_1', 'loss_1']
Saving logs data to experiments/uno_dmc_grid_4_22_5CPU/ul25/logs.csv
Saving logs' fields to experiments/uno_dmc_grid_4_22_5CPU/ul25/fields.csv
Path to log file already exists. New data will be appended.
Found log directory: experiments/uno_dmc_grid_4_22_5CPU/ul50
Saving arguments to experiments/uno_dmc_grid_4_22_5CPU/ul50/meta.json
Path to meta file already exists. Not overriding meta.
Saving messages to experiments/uno_dmc_grid_4_22_5CPU/ul50/out.log
Path to message file already exists. New data will be appended.
Saving logs data to experiments/uno_dmc_grid_4_22_5CPU/ul50/logs.csv
Saving logs' fields to experiments/uno_dmc_grid_4_22_5CPU/ul50/fields.csv
Path to log file already exists. New data will be appended.
